<?xml version="1.0" encoding="UTF-8"?>
<!-- Generated by org.testng.reporters.JUnitReportReporter -->
<testsuite hostname="SSLT-7" name="scripts.EnterFieldsManually" tests="1" failures="0" timestamp="23 Apr 2015 22:07:11 GMT" time="13.705" errors="0">
  <testcase name="enterValues" time="13.705" classname="scripts.EnterFieldsManually"/>
</testsuite> <!-- scripts.EnterFieldsManually -->
