<?xml version="1.0" encoding="UTF-8"?>
<!-- Generated by org.testng.reporters.JUnitReportReporter -->
<testsuite hostname="SSLT-7" name="scripts.LockRequest" tests="1" failures="0" timestamp="28 May 2015 21:54:43 GMT" time="33.440" errors="0">
  <testcase name="lockRequest" time="33.440" classname="scripts.LockRequest"/>
</testsuite> <!-- scripts.LockRequest -->
